{"level":"info","message":"Successfully URL launched","timestamp":"2024-08-09T14:32:51.812Z"}
{"level":"info","message":"Entering User Details fields","timestamp":"2024-08-09T14:32:52.012Z"}
{"level":"info","message":"Successfully URL launched","timestamp":"2024-08-09T14:32:53.175Z"}
{"level":"info","message":"Social Security options is selected as yes","timestamp":"2024-08-09T14:33:04.778Z"}
{"level":"info","message":"Marital Status and Override text field is Displayed","timestamp":"2024-08-09T14:33:05.328Z"}
{"level":"info","message":"Successfully URL launched","timestamp":"2024-08-09T14:33:05.645Z"}
{"level":"info","message":"Social Security options is selected as no","timestamp":"2024-08-09T14:33:09.754Z"}
{"level":"info","message":"Marital Status and Override text field should not be Displayed","timestamp":"2024-08-09T14:33:10.312Z"}
{"level":"info","message":"Successfully URL launched","timestamp":"2024-08-09T14:33:10.738Z"}
{"level":"info","message":"Entering User Details fields","timestamp":"2024-08-09T14:33:11.188Z"}
{"level":"info","message":"Successfully entered the user details","timestamp":"2024-08-09T14:33:15.988Z"}
{"level":"info","message":"Successfully verified the retirement saving amount","timestamp":"2024-08-09T14:33:19.252Z"}
{"level":"info","message":"Successfully URL launched","timestamp":"2024-08-09T14:33:19.494Z"}
{"level":"info","message":"Entering User Details fields","timestamp":"2024-08-09T14:33:19.688Z"}
{"level":"info","message":"Successfully entered the user details","timestamp":"2024-08-09T14:33:25.518Z"}
{"level":"info","message":"Successfully entered all user details","timestamp":"2024-08-09T14:33:25.856Z"}
{"level":"info","message":"Social Security options is selected as yes","timestamp":"2024-08-09T14:33:26.084Z"}
{"level":"info","message":"Selected Marital Status as married","timestamp":"2024-08-09T14:33:26.446Z"}
{"level":"info","message":"Successfully verified the retirement saving amount","timestamp":"2024-08-09T14:33:30.013Z"}
{"level":"info","message":"Successfully URL launched","timestamp":"2024-08-09T14:33:30.173Z"}
{"level":"info","message":"Entering User Details fields","timestamp":"2024-08-09T14:33:30.367Z"}
{"level":"info","message":"Successfully entered the user details","timestamp":"2024-08-09T14:33:32.212Z"}
{"level":"info","message":"Successfully verified the error message","timestamp":"2024-08-09T14:33:32.695Z"}
{"level":"info","message":"Successfully URL launched","timestamp":"2024-08-09T14:33:32.987Z"}
{"level":"info","message":"Entering User Details fields","timestamp":"2024-08-09T14:33:33.377Z"}
{"level":"info","message":"Successfully entered the user details","timestamp":"2024-08-09T14:33:36.171Z"}
{"level":"info","message":"Entering the default calculator values","timestamp":"2024-08-09T14:33:36.323Z"}
{"level":"info","message":"Successfully entering default calculator values","timestamp":"2024-08-09T14:33:37.437Z"}
{"level":"info","message":"Successfully entered the user details","timestamp":"2024-08-09T14:34:08.317Z"}
{"level":"info","message":"Successfully verified the error message","timestamp":"2024-08-09T14:34:08.841Z"}
{"level":"info","message":"Successfully URL launched","timestamp":"2024-08-09T14:34:09.029Z"}
{"level":"info","message":"Entering User Details fields","timestamp":"2024-08-09T14:34:09.190Z"}
{"level":"info","message":"Successfully entered the user details","timestamp":"2024-08-09T14:34:44.286Z"}
{"level":"info","message":"Successfully verified the error message","timestamp":"2024-08-09T14:34:44.702Z"}
{"level":"info","message":"Successfully URL launched","timestamp":"2024-08-09T14:34:44.896Z"}
{"level":"info","message":"Entering User Details fields","timestamp":"2024-08-09T14:34:45.033Z"}
{"level":"info","message":"Successfully entered the user details","timestamp":"2024-08-09T14:35:18.229Z"}
{"level":"info","message":"Successfully verified the error message","timestamp":"2024-08-09T14:35:18.742Z"}
